MAN,HUMAN,PERSON,FATHER,WOMAN,BOY,GIRL,MANNING,FAMILY
WOMAN,HUMAN,PERSON,MOTHER,MAN,BOY,GIRL,FEMININE,FAMILY
HOUSE,BUILDING,COTTAGE,APARTMENT
ROAD,STREET,WAY
SUN,PLANET,SKY,CLOUD
ACTOR_1,ACTOR_2
SPRING,WINTER,SUMMER,AUTUMN,YEAR
SUN,SKY,CLOUD,PLANET
CAR,AMBULANCE,CAR_KEY
BACK,BACKACHE,BODY,ARM,LEG,HEAD
FACE,BEARD,EYE,EAR,MOUTH,NOSE,HEAD
BED,BEDROOM,BATHROOM
BOOK,LIBRARY
CAKE,FOOD,CHEESE,FRUIT,VEGETABLE
COFFEE,MILK,WATER,COCOA,JUICE,DRINK
COUNTRY,CONTINENT,GOVERNMENT
CUCUMBER,TOMATO,APPLE,BANANA,PEAR
DOOR,WINDOW,ROOF,FLOOR,WALL
DINNER,BREAKFAST,LUNCH
HOUR,MINUTE,SECOND
MONEY,COIN,CHECK,BILL